<?xml version="1.0" encoding="UTF-8"?>
<!-- Generated by org.testng.reporters.JUnitXMLReporter -->
<testsuite ignored="0" hostname="DESKTOP-O4H0SON" failures="0" tests="3" name="Default test" time="27.225" errors="0" timestamp="2025-05-21T12:42:01 IST">
  <testcase classname="com.HMS.ObjectRepositoryUtility.CreateOrgTest" name="CreateOrgnizationWithIndustries_Test" time="6.692"/>
  <testcase classname="com.HMS.ObjectRepositoryUtility.CreateOrgTest" name="CreateOrgnizationWithPhoneNumber_Test" time="4.343"/>
  <testcase classname="com.HMS.ObjectRepositoryUtility.CreateOrgTest" name="createOrg_Test" time="4.158"/>
</testsuite> <!-- Default test -->
