<?xml version="1.0" encoding="UTF-8"?>
<!-- Generated by org.testng.reporters.JUnitXMLReporter -->
<testsuite ignored="0" hostname="DESKTOP-O4H0SON" failures="0" tests="3" name="Default test" time="20.003" errors="0" timestamp="2025-05-21T13:06:05 IST">
  <testcase classname="com.contactTest.CreateContactTest" name="createContactTest" time="3.656"/>
  <testcase classname="com.contactTest.CreateContactTest" name="createContactWithOrgTest" time="5.885"/>
  <testcase classname="com.contactTest.CreateContactTest" name="createContactWithSupportDateTest" time="4.391"/>
</testsuite> <!-- Default test -->
