<?xml version="1.0" encoding="UTF-8"?>
<testng-results ignored="0" total="3" passed="3" failed="0" skipped="0">
  <reporter-output>
  </reporter-output>
  <suite started-at="2025-05-26T11:32:19 IST" name="Default suite" finished-at="2025-05-26T11:32:42 IST" duration-ms="22889">
    <groups>
      <group name="regressionTest">
        <method signature="CreateContactTest.createContactWithOrgTest()[pri:0, instance:com.contactTest.CreateContactTest@26e356f0]" name="createContactWithOrgTest" class="com.contactTest.CreateContactTest"/>
        <method signature="CreateContactTest.createContactWithSupportDateTest()[pri:0, instance:com.contactTest.CreateContactTest@26e356f0]" name="createContactWithSupportDateTest" class="com.contactTest.CreateContactTest"/>
      </group> <!-- regressionTest -->
      <group name="smokeTest">
        <method signature="CreateContactTest.createContactTest()[pri:0, instance:com.contactTest.CreateContactTest@26e356f0]" name="createContactTest" class="com.contactTest.CreateContactTest"/>
      </group> <!-- smokeTest -->
    </groups>
    <test started-at="2025-05-26T11:32:19 IST" name="Default test" finished-at="2025-05-26T11:32:42 IST" duration-ms="22889">
      <class name="com.contactTest.CreateContactTest">
        <test-method is-config="true" signature="configBS()[pri:0, instance:com.contactTest.CreateContactTest@26e356f0]" started-at="2025-05-26T11:32:19 IST" name="configBS" finished-at="2025-05-26T11:32:19 IST" duration-ms="665" status="PASS">
          <reporter-output>
          </reporter-output>
        </test-method> <!-- configBS -->
        <test-method is-config="true" signature="configBC()[pri:0, instance:com.contactTest.CreateContactTest@26e356f0]" started-at="2025-05-26T11:32:19 IST" name="configBC" finished-at="2025-05-26T11:32:22 IST" duration-ms="2580" status="PASS">
          <reporter-output>
          </reporter-output>
        </test-method> <!-- configBC -->
        <test-method is-config="true" signature="configBM()[pri:0, instance:com.contactTest.CreateContactTest@26e356f0]" started-at="2025-05-26T11:32:22 IST" name="configBM" finished-at="2025-05-26T11:32:23 IST" duration-ms="742" status="PASS">
          <reporter-output>
          </reporter-output>
        </test-method> <!-- configBM -->
        <test-method signature="createContactTest()[pri:0, instance:com.contactTest.CreateContactTest@26e356f0]" started-at="2025-05-26T11:32:23 IST" name="createContactTest" finished-at="2025-05-26T11:32:28 IST" duration-ms="5460" status="PASS">
          <reporter-output>
          </reporter-output>
        </test-method> <!-- createContactTest -->
        <test-method is-config="true" signature="configAM()[pri:0, instance:com.contactTest.CreateContactTest@26e356f0]" started-at="2025-05-26T11:32:28 IST" name="configAM" finished-at="2025-05-26T11:32:29 IST" duration-ms="704" status="PASS">
          <reporter-output>
          </reporter-output>
        </test-method> <!-- configAM -->
        <test-method is-config="true" signature="configBM()[pri:0, instance:com.contactTest.CreateContactTest@26e356f0]" started-at="2025-05-26T11:32:29 IST" name="configBM" finished-at="2025-05-26T11:32:30 IST" duration-ms="1194" status="PASS">
          <reporter-output>
          </reporter-output>
        </test-method> <!-- configBM -->
        <test-method signature="createContactWithOrgTest()[pri:0, instance:com.contactTest.CreateContactTest@26e356f0]" started-at="2025-05-26T11:32:30 IST" name="createContactWithOrgTest" finished-at="2025-05-26T11:32:35 IST" duration-ms="5343" status="PASS">
          <reporter-output>
          </reporter-output>
        </test-method> <!-- createContactWithOrgTest -->
        <test-method is-config="true" signature="configAM()[pri:0, instance:com.contactTest.CreateContactTest@26e356f0]" started-at="2025-05-26T11:32:35 IST" name="configAM" finished-at="2025-05-26T11:32:36 IST" duration-ms="690" status="PASS">
          <reporter-output>
          </reporter-output>
        </test-method> <!-- configAM -->
        <test-method is-config="true" signature="configBM()[pri:0, instance:com.contactTest.CreateContactTest@26e356f0]" started-at="2025-05-26T11:32:36 IST" name="configBM" finished-at="2025-05-26T11:32:36 IST" duration-ms="387" status="PASS">
          <reporter-output>
          </reporter-output>
        </test-method> <!-- configBM -->
        <test-method signature="createContactWithSupportDateTest()[pri:0, instance:com.contactTest.CreateContactTest@26e356f0]" started-at="2025-05-26T11:32:36 IST" name="createContactWithSupportDateTest" finished-at="2025-05-26T11:32:41 IST" duration-ms="4755" status="PASS">
          <reporter-output>
          </reporter-output>
        </test-method> <!-- createContactWithSupportDateTest -->
        <test-method is-config="true" signature="configAM()[pri:0, instance:com.contactTest.CreateContactTest@26e356f0]" started-at="2025-05-26T11:32:41 IST" name="configAM" finished-at="2025-05-26T11:32:42 IST" duration-ms="739" status="PASS">
          <reporter-output>
          </reporter-output>
        </test-method> <!-- configAM -->
        <test-method is-config="true" signature="configAC()[pri:0, instance:com.contactTest.CreateContactTest@26e356f0]" started-at="2025-05-26T11:32:42 IST" name="configAC" finished-at="2025-05-26T11:32:42 IST" duration-ms="258" status="PASS">
          <reporter-output>
          </reporter-output>
        </test-method> <!-- configAC -->
        <test-method is-config="true" signature="configAS()[pri:0, instance:com.contactTest.CreateContactTest@26e356f0]" started-at="2025-05-26T11:32:42 IST" name="configAS" finished-at="2025-05-26T11:32:42 IST" duration-ms="1" status="PASS">
          <reporter-output>
          </reporter-output>
        </test-method> <!-- configAS -->
      </class> <!-- com.contactTest.CreateContactTest -->
    </test> <!-- Default test -->
  </suite> <!-- Default suite -->
</testng-results>
