<?xml version="1.0" encoding="UTF-8"?>
<testng-results ignored="0" total="3" passed="3" failed="0" skipped="0">
  <reporter-output>
  </reporter-output>
  <suite started-at="2025-05-26T13:17:40 IST" name="Default suite" finished-at="2025-05-26T13:18:02 IST" duration-ms="22027">
    <groups>
      <group name="regressionTest">
        <method signature="CreateOrgnizationTest.CreateOrgnizationWithIndustriesTest()[pri:0, instance:com.comcast.HMS.orgTest.CreateOrgnizationTest@6fd83fc1]" name="CreateOrgnizationWithIndustriesTest" class="com.comcast.HMS.orgTest.CreateOrgnizationTest"/>
        <method signature="CreateOrgnizationTest.CreateOrgnizationWithPhoneNumberTest()[pri:0, instance:com.comcast.HMS.orgTest.CreateOrgnizationTest@6fd83fc1]" name="CreateOrgnizationWithPhoneNumberTest" class="com.comcast.HMS.orgTest.CreateOrgnizationTest"/>
      </group> <!-- regressionTest -->
      <group name="smokeTest">
        <method signature="CreateOrgnizationTest.createOrgTest()[pri:0, instance:com.comcast.HMS.orgTest.CreateOrgnizationTest@6fd83fc1]" name="createOrgTest" class="com.comcast.HMS.orgTest.CreateOrgnizationTest"/>
      </group> <!-- smokeTest -->
    </groups>
    <test started-at="2025-05-26T13:17:40 IST" name="Default test" finished-at="2025-05-26T13:18:02 IST" duration-ms="22027">
      <class name="com.comcast.HMS.orgTest.CreateOrgnizationTest">
        <test-method is-config="true" signature="configBS()[pri:0, instance:com.comcast.HMS.orgTest.CreateOrgnizationTest@6fd83fc1]" started-at="2025-05-26T13:17:40 IST" name="configBS" finished-at="2025-05-26T13:17:40 IST" duration-ms="529" status="PASS">
          <reporter-output>
          </reporter-output>
        </test-method> <!-- configBS -->
        <test-method is-config="true" signature="configBC()[pri:0, instance:com.comcast.HMS.orgTest.CreateOrgnizationTest@6fd83fc1]" started-at="2025-05-26T13:17:40 IST" name="configBC" finished-at="2025-05-26T13:17:43 IST" duration-ms="2302" status="PASS">
          <reporter-output>
          </reporter-output>
        </test-method> <!-- configBC -->
        <test-method is-config="true" signature="configBM()[pri:0, instance:com.comcast.HMS.orgTest.CreateOrgnizationTest@6fd83fc1]" started-at="2025-05-26T13:17:43 IST" name="configBM" finished-at="2025-05-26T13:17:44 IST" duration-ms="864" status="PASS">
          <reporter-output>
          </reporter-output>
        </test-method> <!-- configBM -->
        <test-method signature="CreateOrgnizationWithIndustriesTest()[pri:0, instance:com.comcast.HMS.orgTest.CreateOrgnizationTest@6fd83fc1]" started-at="2025-05-26T13:17:44 IST" name="CreateOrgnizationWithIndustriesTest" finished-at="2025-05-26T13:17:50 IST" duration-ms="6407" status="PASS">
          <reporter-output>
          </reporter-output>
        </test-method> <!-- CreateOrgnizationWithIndustriesTest -->
        <test-method is-config="true" signature="configAM()[pri:0, instance:com.comcast.HMS.orgTest.CreateOrgnizationTest@6fd83fc1]" started-at="2025-05-26T13:17:50 IST" name="configAM" finished-at="2025-05-26T13:17:51 IST" duration-ms="730" status="PASS">
          <reporter-output>
          </reporter-output>
        </test-method> <!-- configAM -->
        <test-method is-config="true" signature="configBM()[pri:0, instance:com.comcast.HMS.orgTest.CreateOrgnizationTest@6fd83fc1]" started-at="2025-05-26T13:17:51 IST" name="configBM" finished-at="2025-05-26T13:17:51 IST" duration-ms="381" status="PASS">
          <reporter-output>
          </reporter-output>
        </test-method> <!-- configBM -->
        <test-method signature="CreateOrgnizationWithPhoneNumberTest()[pri:0, instance:com.comcast.HMS.orgTest.CreateOrgnizationTest@6fd83fc1]" started-at="2025-05-26T13:17:51 IST" name="CreateOrgnizationWithPhoneNumberTest" finished-at="2025-05-26T13:17:56 IST" duration-ms="4741" status="PASS">
          <reporter-output>
          </reporter-output>
        </test-method> <!-- CreateOrgnizationWithPhoneNumberTest -->
        <test-method is-config="true" signature="configAM()[pri:0, instance:com.comcast.HMS.orgTest.CreateOrgnizationTest@6fd83fc1]" started-at="2025-05-26T13:17:56 IST" name="configAM" finished-at="2025-05-26T13:17:56 IST" duration-ms="684" status="PASS">
          <reporter-output>
          </reporter-output>
        </test-method> <!-- configAM -->
        <test-method is-config="true" signature="configBM()[pri:0, instance:com.comcast.HMS.orgTest.CreateOrgnizationTest@6fd83fc1]" started-at="2025-05-26T13:17:56 IST" name="configBM" finished-at="2025-05-26T13:17:57 IST" duration-ms="403" status="PASS">
          <reporter-output>
          </reporter-output>
        </test-method> <!-- configBM -->
        <test-method signature="createOrgTest()[pri:0, instance:com.comcast.HMS.orgTest.CreateOrgnizationTest@6fd83fc1]" started-at="2025-05-26T13:17:57 IST" name="createOrgTest" finished-at="2025-05-26T13:18:01 IST" duration-ms="4499" status="PASS">
          <reporter-output>
          </reporter-output>
        </test-method> <!-- createOrgTest -->
        <test-method is-config="true" signature="configAM()[pri:0, instance:com.comcast.HMS.orgTest.CreateOrgnizationTest@6fd83fc1]" started-at="2025-05-26T13:18:01 IST" name="configAM" finished-at="2025-05-26T13:18:02 IST" duration-ms="711" status="PASS">
          <reporter-output>
          </reporter-output>
        </test-method> <!-- configAM -->
        <test-method is-config="true" signature="configAC()[pri:0, instance:com.comcast.HMS.orgTest.CreateOrgnizationTest@6fd83fc1]" started-at="2025-05-26T13:18:02 IST" name="configAC" finished-at="2025-05-26T13:18:02 IST" duration-ms="264" status="PASS">
          <reporter-output>
          </reporter-output>
        </test-method> <!-- configAC -->
        <test-method is-config="true" signature="configAS()[pri:0, instance:com.comcast.HMS.orgTest.CreateOrgnizationTest@6fd83fc1]" started-at="2025-05-26T13:18:02 IST" name="configAS" finished-at="2025-05-26T13:18:02 IST" duration-ms="1" status="PASS">
          <reporter-output>
          </reporter-output>
        </test-method> <!-- configAS -->
      </class> <!-- com.comcast.HMS.orgTest.CreateOrgnizationTest -->
    </test> <!-- Default test -->
  </suite> <!-- Default suite -->
</testng-results>
